<?xml version="1.0" encoding="UTF-8"?>
<testng-results skipped="0" failed="1" ignored="0" total="2" passed="1">
  <reporter-output>
  </reporter-output>
  <suite name="Default suite" duration-ms="22539" started-at="2020-12-03T20:48:34 EST" finished-at="2020-12-03T20:48:57 EST">
    <groups>
    </groups>
    <test name="Default test" duration-ms="22539" started-at="2020-12-03T20:48:34 EST" finished-at="2020-12-03T20:48:57 EST">
      <class name="com.ups.testRunner.UpsTestRunner">
        <test-method status="PASS" signature="chromeDriverMethod()[pri:0, instance:com.ups.testRunner.UpsTestRunner@3701eaf6]" name="chromeDriverMethod" is-config="true" duration-ms="8562" started-at="2020-12-03T20:48:34 EST" finished-at="2020-12-03T20:48:43 EST">
          <reporter-output>
          </reporter-output>
        </test-method> <!-- chromeDriverMethod -->
        <test-method status="FAIL" signature="loginTest()[pri:0, instance:com.ups.testRunner.UpsTestRunner@3701eaf6]" name="loginTest" duration-ms="2400" started-at="2020-12-03T20:48:43 EST" finished-at="2020-12-03T20:48:45 EST">
          <exception class="java.lang.AssertionError">
            <message>
              <![CDATA[null]]>
            </message>
            <full-stacktrace>
              <![CDATA[java.lang.AssertionError: null
at org.testng.Assert.fail(Assert.java:97)
at org.testng.Assert.fail(Assert.java:102)
at com.ups.testRunner.UpsTestRunner.loginTest(UpsTestRunner.java:33)
at sun.reflect.NativeMethodAccessorImpl.invoke0(Native Method)
at sun.reflect.NativeMethodAccessorImpl.invoke(NativeMethodAccessorImpl.java:62)
at sun.reflect.DelegatingMethodAccessorImpl.invoke(DelegatingMethodAccessorImpl.java:43)
at java.lang.reflect.Method.invoke(Method.java:498)
at org.testng.internal.MethodInvocationHelper.invokeMethod(MethodInvocationHelper.java:133)
at org.testng.internal.TestInvoker.invokeMethod(TestInvoker.java:584)
at org.testng.internal.TestInvoker.invokeTestMethod(TestInvoker.java:172)
at org.testng.internal.MethodRunner.runInSequence(MethodRunner.java:46)
at org.testng.internal.TestInvoker$MethodInvocationAgent.invoke(TestInvoker.java:804)
at org.testng.internal.TestInvoker.invokeTestMethods(TestInvoker.java:145)
at org.testng.internal.TestMethodWorker.invokeTestMethods(TestMethodWorker.java:146)
at org.testng.internal.TestMethodWorker.run(TestMethodWorker.java:128)
at java.util.ArrayList.forEach(ArrayList.java:1249)
at org.testng.TestRunner.privateRun(TestRunner.java:770)
at org.testng.TestRunner.run(TestRunner.java:591)
at org.testng.SuiteRunner.runTest(SuiteRunner.java:402)
at org.testng.SuiteRunner.runSequentially(SuiteRunner.java:396)
at org.testng.SuiteRunner.privateRun(SuiteRunner.java:355)
at org.testng.SuiteRunner.run(SuiteRunner.java:304)
at org.testng.SuiteRunnerWorker.runSuite(SuiteRunnerWorker.java:53)
at org.testng.SuiteRunnerWorker.run(SuiteRunnerWorker.java:96)
at org.testng.TestNG.runSuitesSequentially(TestNG.java:1180)
at org.testng.TestNG.runSuitesLocally(TestNG.java:1102)
at org.testng.TestNG.runSuites(TestNG.java:1032)
at org.testng.TestNG.run(TestNG.java:1000)
at org.testng.remote.AbstractRemoteTestNG.run(AbstractRemoteTestNG.java:115)
at org.testng.remote.RemoteTestNG.initAndRun(RemoteTestNG.java:251)
at org.testng.remote.RemoteTestNG.main(RemoteTestNG.java:77)
]]>
            </full-stacktrace>
          </exception> <!-- java.lang.AssertionError -->
          <reporter-output>
          </reporter-output>
        </test-method> <!-- loginTest -->
        <test-method status="PASS" signature="afterMethod()[pri:0, instance:com.ups.testRunner.UpsTestRunner@3701eaf6]" name="afterMethod" is-config="true" duration-ms="2097" started-at="2020-12-03T20:48:45 EST" finished-at="2020-12-03T20:48:47 EST">
          <reporter-output>
          </reporter-output>
        </test-method> <!-- afterMethod -->
        <test-method status="PASS" signature="chromeDriverMethod()[pri:0, instance:com.ups.testRunner.UpsTestRunner@3701eaf6]" name="chromeDriverMethod" is-config="true" duration-ms="7385" started-at="2020-12-03T20:48:47 EST" finished-at="2020-12-03T20:48:55 EST">
          <reporter-output>
          </reporter-output>
        </test-method> <!-- chromeDriverMethod -->
        <test-method status="PASS" signature="noTest()[pri:0, instance:com.ups.testRunner.UpsTestRunner@3701eaf6]" name="noTest" duration-ms="1" started-at="2020-12-03T20:48:55 EST" finished-at="2020-12-03T20:48:55 EST">
          <reporter-output>
          </reporter-output>
        </test-method> <!-- noTest -->
        <test-method status="PASS" signature="afterMethod()[pri:0, instance:com.ups.testRunner.UpsTestRunner@3701eaf6]" name="afterMethod" is-config="true" duration-ms="2056" started-at="2020-12-03T20:48:55 EST" finished-at="2020-12-03T20:48:57 EST">
          <reporter-output>
          </reporter-output>
        </test-method> <!-- afterMethod -->
      </class> <!-- com.ups.testRunner.UpsTestRunner -->
    </test> <!-- Default test -->
  </suite> <!-- Default suite -->
</testng-results>
